{"/Users/michalsmyk/makers/bank/lib/bank_model.js": {"path":"/Users/michalsmyk/makers/bank/lib/bank_model.js","statementMap":{"0":{"start":{"line":3,"column":8},"end":{"line":3,"column":25}},"1":{"start":{"line":4,"column":8},"end":{"line":4,"column":28}},"2":{"start":{"line":8,"column":8},"end":{"line":8,"column":24}},"3":{"start":{"line":12,"column":8},"end":{"line":12,"column":26}},"4":{"start":{"line":16,"column":8},"end":{"line":16,"column":36}},"5":{"start":{"line":20,"column":8},"end":{"line":24,"column":9}},"6":{"start":{"line":21,"column":12},"end":{"line":21,"column":65}},"7":{"start":{"line":23,"column":8},"end":{"line":23,"column":37}},"8":{"start":{"line":28,"column":0},"end":{"line":28,"column":27}}},"fnMap":{"0":{"name":"(anonymous_0)","decl":{"start":{"line":2,"column":4},"end":{"line":2,"column":5}},"loc":{"start":{"line":2,"column":29},"end":{"line":5,"column":5}},"line":2},"1":{"name":"(anonymous_1)","decl":{"start":{"line":7,"column":4},"end":{"line":7,"column":5}},"loc":{"start":{"line":7,"column":13},"end":{"line":9,"column":5}},"line":7},"2":{"name":"(anonymous_2)","decl":{"start":{"line":11,"column":4},"end":{"line":11,"column":5}},"loc":{"start":{"line":11,"column":15},"end":{"line":13,"column":5}},"line":11},"3":{"name":"(anonymous_3)","decl":{"start":{"line":15,"column":4},"end":{"line":15,"column":5}},"loc":{"start":{"line":15,"column":23},"end":{"line":17,"column":5}},"line":15},"4":{"name":"(anonymous_4)","decl":{"start":{"line":19,"column":4},"end":{"line":19,"column":5}},"loc":{"start":{"line":19,"column":28},"end":{"line":25,"column":5}},"line":19}},"branchMap":{"0":{"loc":{"start":{"line":20,"column":8},"end":{"line":24,"column":9}},"type":"if","locations":[{"start":{"line":20,"column":8},"end":{"line":24,"column":9}},{"start":{"line":22,"column":15},"end":{"line":24,"column":9}}],"line":20}},"s":{"0":19,"1":19,"2":1,"3":1,"4":1,"5":3,"6":1,"7":2,"8":3},"f":{"0":19,"1":1,"2":1,"3":1,"4":3},"b":{"0":[1,2]},"_coverageSchema":"1a1c01bbd47fc00a2c39e90264f33305004495a9","hash":"1c2ce3fe6c2783043cb470f0914a7170ded09ecc"}
,"/Users/michalsmyk/makers/bank/lib/bank_statement.js": {"path":"/Users/michalsmyk/makers/bank/lib/bank_statement.js","statementMap":{"0":{"start":{"line":1,"column":18},"end":{"line":1,"column":41}},"1":{"start":{"line":5,"column":8},"end":{"line":5,"column":30}},"2":{"start":{"line":9,"column":28},"end":{"line":9,"column":55}},"3":{"start":{"line":10,"column":8},"end":{"line":10,"column":43}},"4":{"start":{"line":14,"column":28},"end":{"line":14,"column":56}},"5":{"start":{"line":15,"column":8},"end":{"line":15,"column":43}},"6":{"start":{"line":19,"column":8},"end":{"line":19,"column":98}},"7":{"start":{"line":19,"column":66},"end":{"line":19,"column":94}},"8":{"start":{"line":23,"column":22},"end":{"line":23,"column":23}},"9":{"start":{"line":24,"column":25},"end":{"line":24,"column":71}},"10":{"start":{"line":25,"column":30},"end":{"line":28,"column":10}},"11":{"start":{"line":26,"column":12},"end":{"line":26,"column":42}},"12":{"start":{"line":27,"column":12},"end":{"line":27,"column":206}},"13":{"start":{"line":29,"column":8},"end":{"line":29,"column":60}},"14":{"start":{"line":33,"column":0},"end":{"line":33,"column":30}}},"fnMap":{"0":{"name":"(anonymous_0)","decl":{"start":{"line":4,"column":4},"end":{"line":4,"column":5}},"loc":{"start":{"line":4,"column":17},"end":{"line":6,"column":5}},"line":4},"1":{"name":"(anonymous_1)","decl":{"start":{"line":8,"column":4},"end":{"line":8,"column":5}},"loc":{"start":{"line":8,"column":25},"end":{"line":11,"column":5}},"line":8},"2":{"name":"(anonymous_2)","decl":{"start":{"line":13,"column":4},"end":{"line":13,"column":5}},"loc":{"start":{"line":13,"column":26},"end":{"line":16,"column":5}},"line":13},"3":{"name":"(anonymous_3)","decl":{"start":{"line":18,"column":4},"end":{"line":18,"column":5}},"loc":{"start":{"line":18,"column":13},"end":{"line":20,"column":5}},"line":18},"4":{"name":"(anonymous_4)","decl":{"start":{"line":19,"column":40},"end":{"line":19,"column":41}},"loc":{"start":{"line":19,"column":66},"end":{"line":19,"column":94}},"line":19},"5":{"name":"(anonymous_5)","decl":{"start":{"line":22,"column":4},"end":{"line":22,"column":5}},"loc":{"start":{"line":22,"column":16},"end":{"line":30,"column":5}},"line":22},"6":{"name":"(anonymous_6)","decl":{"start":{"line":25,"column":52},"end":{"line":25,"column":53}},"loc":{"start":{"line":25,"column":67},"end":{"line":28,"column":9}},"line":25}},"branchMap":{"0":{"loc":{"start":{"line":27,"column":43},"end":{"line":27,"column":108}},"type":"cond-expr","locations":[{"start":{"line":27,"column":68},"end":{"line":27,"column":97}},{"start":{"line":27,"column":100},"end":{"line":27,"column":108}}],"line":27},"1":{"loc":{"start":{"line":27,"column":113},"end":{"line":27,"column":181}},"type":"cond-expr","locations":[{"start":{"line":27,"column":138},"end":{"line":27,"column":170}},{"start":{"line":27,"column":173},"end":{"line":27,"column":181}}],"line":27}},"s":{"0":2,"1":8,"2":8,"3":8,"4":3,"5":3,"6":3,"7":7,"8":2,"9":2,"10":2,"11":5,"12":5,"13":2,"14":2},"f":{"0":8,"1":8,"2":3,"3":3,"4":7,"5":2,"6":5},"b":{"0":[4,1],"1":[1,4]},"_coverageSchema":"1a1c01bbd47fc00a2c39e90264f33305004495a9","hash":"f1c10fdebb87141ce0bccd90440189a0ebd22f9a"}
}
