TN:
SF:lib/bank_model.js
FN:2,(anonymous_0)
FN:7,(anonymous_1)
FN:11,(anonymous_2)
FN:15,(anonymous_3)
FN:19,(anonymous_4)
FNF:5
FNH:5
FNDA:19,(anonymous_0)
FNDA:1,(anonymous_1)
FNDA:1,(anonymous_2)
FNDA:1,(anonymous_3)
FNDA:3,(anonymous_4)
DA:3,19
DA:4,19
DA:8,1
DA:12,1
DA:16,1
DA:20,3
DA:21,1
DA:23,2
DA:28,3
LF:9
LH:9
BRDA:20,0,0,1
BRDA:20,0,1,2
BRF:2
BRH:2
end_of_record
TN:
SF:lib/bank_statement.js
FN:4,(anonymous_0)
FN:8,(anonymous_1)
FN:13,(anonymous_2)
FN:18,(anonymous_3)
FN:19,(anonymous_4)
FN:22,(anonymous_5)
FN:25,(anonymous_6)
FNF:7
FNH:7
FNDA:8,(anonymous_0)
FNDA:8,(anonymous_1)
FNDA:3,(anonymous_2)
FNDA:3,(anonymous_3)
FNDA:7,(anonymous_4)
FNDA:2,(anonymous_5)
FNDA:5,(anonymous_6)
DA:1,2
DA:5,8
DA:9,8
DA:10,8
DA:14,3
DA:15,3
DA:19,7
DA:23,2
DA:24,2
DA:25,2
DA:26,5
DA:27,5
DA:29,2
DA:33,2
LF:14
LH:14
BRDA:27,0,0,4
BRDA:27,0,1,1
BRDA:27,1,0,1
BRDA:27,1,1,4
BRF:4
BRH:4
end_of_record
